<?xml version="1.0" encoding="UTF-8"?>
<!-- Generated by org.testng.reporters.JUnitXMLReporter -->
<testsuite hostname="INNO1-6780" ignored="0" name="Test" tests="5" failures="0" timestamp="14 Feb 2021 18:03:36 GMT" time="117.114" errors="0">
  <testcase name="verifyHomePageTitleTest" time="0.015" classname="com.crm.qa.testcases.ServetelTest"/>
  <testcase name="createandUploadRecording" time="7.316" classname="com.crm.qa.testcases.ServetelTest"/>
  <testcase name="addAgentUsingPost" time="22.207" classname="com.crm.qa.testcases.ServetelTest"/>
  <testcase name="CreateAutoAttendent" time="7.511" classname="com.crm.qa.testcases.ServetelTest"/>
  <testcase name="AssignAutoattendentToNumber" time="3.759" classname="com.crm.qa.testcases.ServetelTest"/>
</testsuite> <!-- Test -->
